<?xml version="1.0" encoding="UTF-8"?>
<!-- Generated by org.testng.reporters.JUnitReportReporter -->
<testsuite hostname="DEL-PC-0214" failures="0" tests="1" name="Selenium_Demo.Travels_WebApp.MainTest" time="13.651" errors="0" timestamp="2023-03-09T14:26:45 IST" skipped="0">
  <testcase classname="Selenium_Demo.Travels_WebApp.MainTest" name="mainTest" time="13.651"/>
  <system-out/>
</testsuite> <!-- Selenium_Demo.Travels_WebApp.MainTest -->
